This file contains any messages produced by compilers while
running configure, to aid debugging if configure makes a mistake.

It was created by Samtools configure 1.18, which was
generated by GNU Autoconf 2.69.  Invocation command line was

  $ ./configure --prefix=/share/lwhitmo/software/scViralQuant/scqv/extra_tools/samtools-1.18 --enable-configure-htslib

## --------- ##
## Platform. ##
## --------- ##

hostname = fruitfly.galelab.uw.edu
uname -m = x86_64
uname -r = 3.10.0-1160.90.1.el7.x86_64
uname -s = Linux
uname -v = #1 SMP Thu May 4 15:21:22 UTC 2023

/usr/bin/uname -p = x86_64
/bin/uname -X     = unknown

/bin/arch              = x86_64
/usr/bin/arch -k       = unknown
/usr/convex/getsysinfo = unknown
/usr/bin/hostinfo      = unknown
/bin/machine           = unknown
/usr/bin/oslevel       = unknown
/bin/universe          = unknown

PATH: /share/tools/spack/opt/spack/linux-centos7-x86_64/gcc-11.2.0/libpng-1.6.37-4iaywkucro5g2drmtq34i5kkeoofbhvi/bin
PATH: /share/tools/spack/opt/spack/linux-centos7-x86_64/gcc-11.2.0/poppler-21.09.0-ggaabtpmmhi2wa6ar2i77qidwsc7qkow/bin
PATH: /share/tools/spack/opt/spack/linux-centos7-x86_64/gcc-11.2.0/fontconfig-2.13.93-a6g4qjo2k3latcvjespwtxoococaz67g/bin
PATH: /share/tools/spack/opt/spack/linux-centos7-x86_64/gcc-11.2.0/util-linux-uuid-2.36.2-ycr5iexz7njueqmrmrfgqb5flsrghvsh/bin
PATH: /share/tools/spack/opt/spack/linux-centos7-x86_64/gcc-11.2.0/libxml2-2.9.12-ujjnfcv264tyjtsoheexfmuyfkuyoxge/bin
PATH: /share/tools/spack/opt/spack/linux-centos7-x86_64/gcc-11.2.0/xz-5.2.5-j2poytgs2zhfutpi2ozpjjrfz2aoam2c/bin
PATH: /share/tools/spack/opt/spack/linux-centos7-x86_64/gcc-11.2.0/libiconv-1.16-lqfelqya3lk2ckzouc4ng3mn2dzgsi2n/bin
PATH: /share/tools/spack/opt/spack/linux-centos7-x86_64/gcc-11.2.0/freetype-2.11.0-6sjyxdsr4m25ajbtipjshk44gqqst43f/bin
PATH: /share/tools/spack/opt/spack/linux-centos7-x86_64/gcc-11.2.0/libpng-1.6.37-4iaywkucro5g2drmtq34i5kkeoofbhvi/bin
PATH: /share/tools/spack/opt/spack/linux-centos7-x86_64/gcc-11.2.0/bzip2-1.0.8-nl2fbyqa3qdewunvxq56mdcsb7addarg/bin
PATH: /share/tools/spack/opt/spack/linux-centos7-x86_64/gcc-11.2.0/font-util-1.3.2-kwi2c7kepafxfvswfzlnsirz5ti46rl3/bin
PATH: /share/tools/spack/opt/spack/linux-centos7-x86_64/gcc-11.2.0/imagemagick-7.0.8-7-6pvw7qisnma5tm7psg73tlvfcsg4wth7/bin
PATH: /share/tools/spack/opt/spack/linux-centos7-x86_64/gcc-11.2.0/libtool-2.4.6-wuzsphjrcrxy2m7novqfpv4cihnlar3s/bin
PATH: /share/tools/spack/opt/spack/linux-centos7-x86_64/gcc-11.2.0/ghostscript-9.54.0-7e7yhu73ejsx63i2atq4ajd3ljsvjggp/bin
PATH: /share/tools/spack/opt/spack/linux-centos7-x86_64/gcc-11.2.0/lcms-2.9-2wwhcsftca3cpppxmbkgqcrmmcecml7e/bin
PATH: /share/tools/spack/opt/spack/linux-centos7-x86_64/gcc-11.2.0/krb5-1.19.2-p7zqribzwuz6flz3xurf7etfjp67h5x6/bin
PATH: /share/tools/spack/opt/spack/linux-centos7-x86_64/gcc-11.2.0/gtkplus-3.24.29-g5ei3xxtfr2saheelcpstlwdxwp3lvjp/bin
PATH: /share/tools/spack/opt/spack/linux-centos7-x86_64/gcc-11.2.0/librsvg-2.51.0-hni44pxsbfyhtim3eyurevaggyhzofu7/bin
PATH: /share/tools/spack/opt/spack/linux-centos7-x86_64/gcc-11.2.0/pango-1.42.0-l5rqax7lfecdowmtjsyr44o7cryfzpjf/bin
PATH: /share/tools/spack/opt/spack/linux-centos7-x86_64/gcc-11.2.0/harfbuzz-2.6.8-5tq3cjlm4y475o5teis5ej3ot5gb3rza/bin
PATH: /share/tools/spack/opt/spack/linux-centos7-x86_64/gcc-11.2.0/icu4c-67.1-wb46jzswifguptcbtdh6zt6gnvl3ocq2/bin
PATH: /share/tools/spack/opt/spack/linux-centos7-x86_64/gcc-11.2.0/graphite2-1.3.13-wyi57vhsbpzpz52wfcox3enltx2raz4v/bin
PATH: /share/tools/spack/opt/spack/linux-centos7-x86_64/gcc-11.2.0/libcroco-0.6.13-svef3srjbixwmd6ke2egwcdklhttows6/bin
PATH: /share/tools/spack/opt/spack/linux-centos7-x86_64/gcc-11.2.0/xrandr-1.5.0-kqaxefbc3zgwjc4q2alr4exuy7xpzb6i/bin
PATH: /share/tools/spack/opt/spack/linux-centos7-x86_64/gcc-11.2.0/llvm-12.0.1-ciifgdqg5kejnyejarkkag2shhiq5fxf/bin
PATH: /share/tools/spack/opt/spack/linux-centos7-x86_64/gcc-11.2.0/z3-4.8.9-5nsektgtar43g6qpwi3ywilp4ctpxzkq/bin
PATH: /share/tools/spack/opt/spack/linux-centos7-x86_64/gcc-11.2.0/swig-4.0.2-yyhes46cfirqq4ywfvoh4tcnh5xn5wsj/bin
PATH: /share/tools/spack/opt/spack/linux-centos7-x86_64/gcc-11.2.0/hwloc-2.6.0-fipitgim6eatgmqncla7lvicnxil3njd/bin
PATH: /share/tools/spack/opt/spack/linux-centos7-x86_64/gcc-11.2.0/binutils-2.37-brns2weyqyfmkeuzqg7224p2xrc2p2yr/bin
PATH: /share/tools/spack/opt/spack/linux-centos7-x86_64/gcc-11.2.0/gdk-pixbuf-2.38.2-v32ayzt6inz6rxiqdzttwzjqxvduey7i/bin
PATH: /share/tools/spack/opt/spack/linux-centos7-x86_64/gcc-11.2.0/shared-mime-info-1.9-opmkhynlaqztno3b4y5yfy6y7cesmpkr/bin
PATH: /share/tools/spack/opt/spack/linux-centos7-x86_64/gcc-11.2.0/libtiff-4.3.0-ndjitmdwthiqvtczz7zafp633tmjib3q/bin
PATH: /share/tools/spack/opt/spack/linux-centos7-x86_64/gcc-11.2.0/libjpeg-turbo-2.1.0-vjehcm3rzlcisactcjc2x5lpabyhaigx/bin
PATH: /share/tools/spack/opt/spack/linux-centos7-x86_64/gcc-11.2.0/fribidi-1.0.5-sn4rzmgzr75amzqzyy4ywavcom67t7al/bin
PATH: /share/tools/spack/opt/spack/linux-centos7-x86_64/gcc-11.2.0/gobject-introspection-1.56.1-4jczkhe5257t7muxndjumwpxcdchsm63/bin
PATH: /share/tools/spack/opt/spack/linux-centos7-x86_64/gcc-11.2.0/cairo-1.16.0-j3yymf6hs7xrwhlkf2ed4fxe2h26regt/bin
PATH: /share/tools/spack/opt/spack/linux-centos7-x86_64/gcc-11.2.0/dbus-1.12.8-fmutkzydodfq2piauwgvzvkachhtcjf3/bin
PATH: /share/tools/spack/opt/spack/linux-centos7-x86_64/gcc-11.2.0/glib-2.70.0-d4bighje3kongj3gmlywq732buj7ntsr/bin
PATH: /share/tools/spack/opt/spack/linux-centos7-x86_64/gcc-11.2.0/python-3.8.12-syubbms3fol3uov7i475kto3tzbpqlbp/bin
PATH: /share/tools/spack/opt/spack/linux-centos7-x86_64/gcc-11.2.0/sqlite-3.36.0-k72yqgcx3dcm2hhhnhuka6xz5k32rmtr/bin
PATH: /share/tools/spack/opt/spack/linux-centos7-x86_64/gcc-11.2.0/openssl-1.1.1l-hm3cktxl3rmtmfpda26wburskcyvyigv/bin
PATH: /share/tools/spack/opt/spack/linux-centos7-x86_64/gcc-11.2.0/perl-5.34.0-ct6gytnnhhifddxutrep3qqwwxxqvcrs/bin
PATH: /share/tools/spack/opt/spack/linux-centos7-x86_64/gcc-11.2.0/gdbm-1.19-wliycstqj3uf62hgazmammcrdl5xnpuj/bin
PATH: /share/tools/spack/opt/spack/linux-centos7-x86_64/gcc-11.2.0/readline-8.1-if5dguejxj3ekzleegxdg2zms5rte675/bin
PATH: /share/tools/spack/opt/spack/linux-centos7-x86_64/gcc-11.2.0/berkeley-db-18.1.40-pdictdxnupcujc3dmfibzlcphjdpghd6/bin
PATH: /share/tools/spack/opt/spack/linux-centos7-x86_64/gcc-11.2.0/pcre-8.44-r6p6zqc3xudvhedjinwnv3ipxyinxznp/bin
PATH: /share/tools/spack/opt/spack/linux-centos7-x86_64/gcc-11.2.0/gettext-0.21-tg2p2gnpar7bqgmrky6popz5444tdlqu/bin
PATH: /share/tools/spack/opt/spack/linux-centos7-x86_64/gcc-11.2.0/tar-1.34-ejodrxf25giiqbsm5ijx6qy7bpqxoj3a/bin
PATH: /share/tools/spack/opt/spack/linux-centos7-x86_64/gcc-11.2.0/ncurses-6.2-uuuyk3axdaatyt4s2qbshwcnihqm3hie/bin
PATH: /share/tools/spack/opt/spack/linux-centos7-x86_64/gcc-11.2.0/expat-2.4.1-zdy7wjeqroit5kbdt6uryw7bxhiafa7m/bin
PATH: /share/tools/spack/opt/spack/linux-centos7-x86_64/gcc-11.2.0/fontconfig-2.13.93-a6g4qjo2k3latcvjespwtxoococaz67g/bin
PATH: /share/tools/spack/opt/spack/linux-centos7-x86_64/gcc-11.2.0/util-linux-uuid-2.36.2-ycr5iexz7njueqmrmrfgqb5flsrghvsh/bin
PATH: /share/tools/spack/opt/spack/linux-centos7-x86_64/gcc-11.2.0/libxml2-2.9.12-ujjnfcv264tyjtsoheexfmuyfkuyoxge/bin
PATH: /share/tools/spack/opt/spack/linux-centos7-x86_64/gcc-11.2.0/xz-5.2.5-j2poytgs2zhfutpi2ozpjjrfz2aoam2c/bin
PATH: /share/tools/spack/opt/spack/linux-centos7-x86_64/gcc-11.2.0/libiconv-1.16-lqfelqya3lk2ckzouc4ng3mn2dzgsi2n/bin
PATH: /share/tools/spack/opt/spack/linux-centos7-x86_64/gcc-11.2.0/freetype-2.11.0-6sjyxdsr4m25ajbtipjshk44gqqst43f/bin
PATH: /share/tools/spack/opt/spack/linux-centos7-x86_64/gcc-11.2.0/libpng-1.6.37-4iaywkucro5g2drmtq34i5kkeoofbhvi/bin
PATH: /share/tools/spack/opt/spack/linux-centos7-x86_64/gcc-11.2.0/bzip2-1.0.8-nl2fbyqa3qdewunvxq56mdcsb7addarg/bin
PATH: /share/tools/spack/opt/spack/linux-centos7-x86_64/gcc-11.2.0/font-util-1.3.2-kwi2c7kepafxfvswfzlnsirz5ti46rl3/bin
PATH: /share/tools/spack/opt/spack/linux-centos7-x86_64/gcc-11.2.0/r-4.1.1-hkfbk65mpcuc23w5k3vwuzcjcwihyfxg/bin
PATH: /share/tools/spack/opt/spack/linux-centos7-x86_64/gcc-11.2.0/tk-8.6.11-66i4wxa2dxlw7oaqbu6vehopxteyabki/bin
PATH: /share/tools/spack/opt/spack/linux-centos7-x86_64/gcc-11.2.0/tcl-8.6.11-xo2ericbkvqdqeb6fax6bx7qhijsye7g/bin
PATH: /share/tools/spack/opt/spack/linux-centos7-x86_64/gcc-11.2.0/pango-1.42.0-l5rqax7lfecdowmtjsyr44o7cryfzpjf/bin
PATH: /share/tools/spack/opt/spack/linux-centos7-x86_64/gcc-11.2.0/gobject-introspection-1.56.1-4jczkhe5257t7muxndjumwpxcdchsm63/bin
PATH: /share/tools/spack/opt/spack/linux-centos7-x86_64/gcc-11.2.0/fribidi-1.0.5-sn4rzmgzr75amzqzyy4ywavcom67t7al/bin
PATH: /share/tools/spack/opt/spack/linux-centos7-x86_64/gcc-11.2.0/libtiff-4.3.0-ndjitmdwthiqvtczz7zafp633tmjib3q/bin
PATH: /share/tools/spack/opt/spack/linux-centos7-x86_64/gcc-11.2.0/libjpeg-turbo-2.1.0-vjehcm3rzlcisactcjc2x5lpabyhaigx/bin
PATH: /share/tools/spack/opt/spack/linux-centos7-x86_64/gcc-11.2.0/harfbuzz-2.6.8-5tq3cjlm4y475o5teis5ej3ot5gb3rza/bin
PATH: /share/tools/spack/opt/spack/linux-centos7-x86_64/gcc-11.2.0/graphite2-1.3.13-wyi57vhsbpzpz52wfcox3enltx2raz4v/bin
PATH: /share/tools/spack/opt/spack/linux-centos7-x86_64/gcc-11.2.0/curl-7.79.0-2dcqx7v4xpddb3237gn72zv2aqxalgrh/bin
PATH: /share/tools/spack/opt/spack/linux-centos7-x86_64/gcc-11.2.0/cairo-1.16.0-j3yymf6hs7xrwhlkf2ed4fxe2h26regt/bin
PATH: /share/tools/spack/opt/spack/linux-centos7-x86_64/gcc-11.2.0/glib-2.70.0-d4bighje3kongj3gmlywq732buj7ntsr/bin
PATH: /share/tools/spack/opt/spack/linux-centos7-x86_64/gcc-11.2.0/python-3.8.12-syubbms3fol3uov7i475kto3tzbpqlbp/bin
PATH: /share/tools/spack/opt/spack/linux-centos7-x86_64/gcc-11.2.0/sqlite-3.36.0-k72yqgcx3dcm2hhhnhuka6xz5k32rmtr/bin
PATH: /share/tools/spack/opt/spack/linux-centos7-x86_64/gcc-11.2.0/openssl-1.1.1l-hm3cktxl3rmtmfpda26wburskcyvyigv/bin
PATH: /share/tools/spack/opt/spack/linux-centos7-x86_64/gcc-11.2.0/expat-2.4.1-zdy7wjeqroit5kbdt6uryw7bxhiafa7m/bin
PATH: /share/tools/spack/opt/spack/linux-centos7-x86_64/gcc-11.2.0/perl-5.34.0-ct6gytnnhhifddxutrep3qqwwxxqvcrs/bin
PATH: /share/tools/spack/opt/spack/linux-centos7-x86_64/gcc-11.2.0/gdbm-1.19-wliycstqj3uf62hgazmammcrdl5xnpuj/bin
PATH: /share/tools/spack/opt/spack/linux-centos7-x86_64/gcc-11.2.0/readline-8.1-if5dguejxj3ekzleegxdg2zms5rte675/bin
PATH: /share/tools/spack/opt/spack/linux-centos7-x86_64/gcc-11.2.0/berkeley-db-18.1.40-pdictdxnupcujc3dmfibzlcphjdpghd6/bin
PATH: /share/tools/spack/opt/spack/linux-centos7-x86_64/gcc-11.2.0/pcre-8.44-r6p6zqc3xudvhedjinwnv3ipxyinxznp/bin
PATH: /share/tools/spack/opt/spack/linux-centos7-x86_64/gcc-11.2.0/gettext-0.21-tg2p2gnpar7bqgmrky6popz5444tdlqu/bin
PATH: /share/tools/spack/opt/spack/linux-centos7-x86_64/gcc-11.2.0/tar-1.34-ejodrxf25giiqbsm5ijx6qy7bpqxoj3a/bin
PATH: /share/tools/spack/opt/spack/linux-centos7-x86_64/gcc-11.2.0/ncurses-6.2-uuuyk3axdaatyt4s2qbshwcnihqm3hie/bin
PATH: /share/tools/spack/opt/spack/linux-centos7-x86_64/gcc-11.2.0/fontconfig-2.13.93-a6g4qjo2k3latcvjespwtxoococaz67g/bin
PATH: /share/tools/spack/opt/spack/linux-centos7-x86_64/gcc-11.2.0/util-linux-uuid-2.36.2-ycr5iexz7njueqmrmrfgqb5flsrghvsh/bin
PATH: /share/tools/spack/opt/spack/linux-centos7-x86_64/gcc-11.2.0/libxml2-2.9.12-ujjnfcv264tyjtsoheexfmuyfkuyoxge/bin
PATH: /share/tools/spack/opt/spack/linux-centos7-x86_64/gcc-11.2.0/xz-5.2.5-j2poytgs2zhfutpi2ozpjjrfz2aoam2c/bin
PATH: /share/tools/spack/opt/spack/linux-centos7-x86_64/gcc-11.2.0/freetype-2.11.0-6sjyxdsr4m25ajbtipjshk44gqqst43f/bin
PATH: /share/tools/spack/opt/spack/linux-centos7-x86_64/gcc-11.2.0/libpng-1.6.37-4iaywkucro5g2drmtq34i5kkeoofbhvi/bin
PATH: /share/tools/spack/opt/spack/linux-centos7-x86_64/gcc-11.2.0/font-util-1.3.2-kwi2c7kepafxfvswfzlnsirz5ti46rl3/bin
PATH: /share/tools/spack/opt/spack/linux-centos7-x86_64/gcc-11.2.0/pcre2-10.36-yxukzhlq35ic5trg53fsobpwqxg7fn72/bin
PATH: /share/tools/spack/opt/spack/linux-centos7-x86_64/gcc-11.2.0/openjdk-11.0.12_7-brzdaun2vayf34kgyukistagibouzv2z/bin
PATH: /share/tools/spack/opt/spack/linux-centos7-x86_64/gcc-11.2.0/libiconv-1.16-lqfelqya3lk2ckzouc4ng3mn2dzgsi2n/bin
PATH: /share/tools/spack/opt/spack/linux-centos7-x86_64/gcc-11.2.0/icu4c-67.1-wb46jzswifguptcbtdh6zt6gnvl3ocq2/bin
PATH: /share/tools/spack/opt/spack/linux-centos7-x86_64/gcc-11.2.0/bzip2-1.0.8-nl2fbyqa3qdewunvxq56mdcsb7addarg/bin
PATH: /share/tools/spack/opt/spack/linux-centos7-x86_64/gcc-11.2.0/hdf5-1.12.0-5zh36mulz2vg7klclnox2oxg3qeg5q77/bin
PATH: /share/tools/spack/opt/spack/linux-centos7-x86_64/gcc-11.2.0/pkgconf-1.8.0-xezlcpkvdfhc3ek5772k5d4gfqqz3lno/bin
PATH: /share/tools/spack/opt/spack/linux-centos7-x86_64/gcc-11.2.0/openmpi-4.1.1-bztc7hklagku2npqb4hzf2q3szhxojxe/bin
PATH: /share/tools/spack/opt/spack/linux-centos7-x86_64/gcc-11.2.0/openssh-8.7p1-bdcprkpvszc2wj32rgsiyde52ofwylge/bin
PATH: /share/tools/spack/opt/spack/linux-centos7-x86_64/gcc-11.2.0/numactl-2.0.14-mqmopjvgpbho7oz3gfmscu4m7u222bmt/bin
PATH: /share/tools/spack/opt/spack/linux-centos7-x86_64/gcc-11.2.0/libevent-2.1.12-7okg4vyq77zclbspioeemcayygk27ajg/bin
PATH: /share/tools/spack/opt/spack/linux-centos7-x86_64/gcc-11.2.0/openssl-1.1.1l-hm3cktxl3rmtmfpda26wburskcyvyigv/bin
PATH: /share/tools/spack/opt/spack/linux-centos7-x86_64/gcc-11.2.0/hwloc-2.6.0-fipitgim6eatgmqncla7lvicnxil3njd/bin
PATH: /share/tools/spack/opt/spack/linux-centos7-x86_64/gcc-11.2.0/ncurses-6.2-uuuyk3axdaatyt4s2qbshwcnihqm3hie/bin
PATH: /share/tools/spack/opt/spack/linux-centos7-x86_64/gcc-11.2.0/libxml2-2.9.12-ujjnfcv264tyjtsoheexfmuyfkuyoxge/bin
PATH: /share/tools/spack/opt/spack/linux-centos7-x86_64/gcc-11.2.0/xz-5.2.5-j2poytgs2zhfutpi2ozpjjrfz2aoam2c/bin
PATH: /share/tools/spack/opt/spack/linux-centos7-x86_64/gcc-11.2.0/libiconv-1.16-lqfelqya3lk2ckzouc4ng3mn2dzgsi2n/bin
PATH: /share/tools/spack/opt/spack/linux-centos7-x86_64/gcc-11.2.0/udunits-2.2.28-hpimq3u7zsehjywcasvl3sovv7oqp6fi/bin
PATH: /share/tools/spack/opt/spack/linux-centos7-x86_64/gcc-11.2.0/expat-2.4.1-zdy7wjeqroit5kbdt6uryw7bxhiafa7m/bin
PATH: /share/tools/spack/opt/spack/linux-centos7-x86_64/gcc-11.2.0/gdal-3.3.2-iazre4s4nkasemrfkliuegemhwcf6pgc/bin
PATH: /share/tools/spack/opt/spack/linux-centos7-x86_64/gcc-11.2.0/xz-5.2.5-j2poytgs2zhfutpi2ozpjjrfz2aoam2c/bin
PATH: /share/tools/spack/opt/spack/linux-centos7-x86_64/gcc-11.2.0/libgeotiff-1.6.0-7ihyx2ycdz6tlzo2w7awa6cdfr27l2ua/bin
PATH: /share/tools/spack/opt/spack/linux-centos7-x86_64/gcc-11.2.0/proj-8.1.0-aaho5g2tkyhkvjp4rmyqz75laj3jrgeo/bin
PATH: /share/tools/spack/opt/spack/linux-centos7-x86_64/gcc-11.2.0/sqlite-3.36.0-k72yqgcx3dcm2hhhnhuka6xz5k32rmtr/bin
PATH: /share/tools/spack/opt/spack/linux-centos7-x86_64/gcc-11.2.0/readline-8.1-if5dguejxj3ekzleegxdg2zms5rte675/bin
PATH: /share/tools/spack/opt/spack/linux-centos7-x86_64/gcc-11.2.0/ncurses-6.2-uuuyk3axdaatyt4s2qbshwcnihqm3hie/bin
PATH: /share/tools/spack/opt/spack/linux-centos7-x86_64/gcc-11.2.0/curl-7.79.0-2dcqx7v4xpddb3237gn72zv2aqxalgrh/bin
PATH: /share/tools/spack/opt/spack/linux-centos7-x86_64/gcc-11.2.0/openssl-1.1.1l-hm3cktxl3rmtmfpda26wburskcyvyigv/bin
PATH: /share/tools/spack/opt/spack/linux-centos7-x86_64/gcc-11.2.0/libtiff-4.3.0-ndjitmdwthiqvtczz7zafp633tmjib3q/bin
PATH: /share/tools/spack/opt/spack/linux-centos7-x86_64/gcc-11.2.0/libjpeg-turbo-2.1.0-vjehcm3rzlcisactcjc2x5lpabyhaigx/bin
PATH: /share/tools/spack/opt/spack/linux-centos7-x86_64/gcc-11.2.0/geos-3.9.1-inmgjuiuua66j2gwyuxphj3435sc3wti/bin
PATH: /share/tools/spack/opt/spack/linux-centos7-x86_64/gcc-11.2.0/gcc-11.2.0-on46wy3kn4bqwb3iofoejtjklcuql7di/bin
PATH: /share/tools/spack/opt/spack/linux-centos7-x86_64/gcc-11.2.0/binutils-2.37-pkscmka2au3bqc5o45wsr2bohniuxpop/bin
PATH: /share/tools/spack/opt/spack/linux-centos7-x86_64/gcc-11.2.0/gettext-0.21-tg2p2gnpar7bqgmrky6popz5444tdlqu/bin
PATH: /share/tools/spack/opt/spack/linux-centos7-x86_64/gcc-11.2.0/tar-1.34-ejodrxf25giiqbsm5ijx6qy7bpqxoj3a/bin
PATH: /share/tools/spack/opt/spack/linux-centos7-x86_64/gcc-11.2.0/ncurses-6.2-uuuyk3axdaatyt4s2qbshwcnihqm3hie/bin
PATH: /share/tools/spack/opt/spack/linux-centos7-x86_64/gcc-11.2.0/libxml2-2.9.12-ujjnfcv264tyjtsoheexfmuyfkuyoxge/bin
PATH: /share/tools/spack/opt/spack/linux-centos7-x86_64/gcc-11.2.0/xz-5.2.5-j2poytgs2zhfutpi2ozpjjrfz2aoam2c/bin
PATH: /share/tools/spack/opt/spack/linux-centos7-x86_64/gcc-11.2.0/libiconv-1.16-lqfelqya3lk2ckzouc4ng3mn2dzgsi2n/bin
PATH: /share/tools/spack/opt/spack/linux-centos7-x86_64/gcc-11.2.0/bzip2-1.0.8-nl2fbyqa3qdewunvxq56mdcsb7addarg/bin
PATH: /share/tools/spack/opt/spack/linux-centos7-x86_64/gcc-11.2.0/r-4.1.1-hkfbk65mpcuc23w5k3vwuzcjcwihyfxg/bin
PATH: /share/tools/spack/opt/spack/linux-centos7-x86_64/gcc-11.2.0/tk-8.6.11-66i4wxa2dxlw7oaqbu6vehopxteyabki/bin
PATH: /share/tools/spack/opt/spack/linux-centos7-x86_64/gcc-11.2.0/tcl-8.6.11-xo2ericbkvqdqeb6fax6bx7qhijsye7g/bin
PATH: /share/tools/spack/opt/spack/linux-centos7-x86_64/gcc-11.2.0/pcre2-10.36-yxukzhlq35ic5trg53fsobpwqxg7fn72/bin
PATH: /share/tools/spack/opt/spack/linux-centos7-x86_64/gcc-11.2.0/pango-1.42.0-l5rqax7lfecdowmtjsyr44o7cryfzpjf/bin
PATH: /share/tools/spack/opt/spack/linux-centos7-x86_64/gcc-11.2.0/gobject-introspection-1.56.1-4jczkhe5257t7muxndjumwpxcdchsm63/bin
PATH: /share/tools/spack/opt/spack/linux-centos7-x86_64/gcc-11.2.0/fribidi-1.0.5-sn4rzmgzr75amzqzyy4ywavcom67t7al/bin
PATH: /share/tools/spack/opt/spack/linux-centos7-x86_64/gcc-11.2.0/openjdk-11.0.12_7-brzdaun2vayf34kgyukistagibouzv2z/bin
PATH: /share/tools/spack/opt/spack/linux-centos7-x86_64/gcc-11.2.0/libtiff-4.3.0-ndjitmdwthiqvtczz7zafp633tmjib3q/bin
PATH: /share/tools/spack/opt/spack/linux-centos7-x86_64/gcc-11.2.0/libjpeg-turbo-2.1.0-vjehcm3rzlcisactcjc2x5lpabyhaigx/bin
PATH: /share/tools/spack/opt/spack/linux-centos7-x86_64/gcc-11.2.0/harfbuzz-2.6.8-5tq3cjlm4y475o5teis5ej3ot5gb3rza/bin
PATH: /share/tools/spack/opt/spack/linux-centos7-x86_64/gcc-11.2.0/icu4c-67.1-wb46jzswifguptcbtdh6zt6gnvl3ocq2/bin
PATH: /share/tools/spack/opt/spack/linux-centos7-x86_64/gcc-11.2.0/graphite2-1.3.13-wyi57vhsbpzpz52wfcox3enltx2raz4v/bin
PATH: /share/tools/spack/opt/spack/linux-centos7-x86_64/gcc-11.2.0/curl-7.79.0-2dcqx7v4xpddb3237gn72zv2aqxalgrh/bin
PATH: /share/tools/spack/opt/spack/linux-centos7-x86_64/gcc-11.2.0/cairo-1.16.0-j3yymf6hs7xrwhlkf2ed4fxe2h26regt/bin
PATH: /share/tools/spack/opt/spack/linux-centos7-x86_64/gcc-11.2.0/glib-2.70.0-d4bighje3kongj3gmlywq732buj7ntsr/bin
PATH: /share/tools/spack/opt/spack/linux-centos7-x86_64/gcc-11.2.0/python-3.8.12-syubbms3fol3uov7i475kto3tzbpqlbp/bin
PATH: /share/tools/spack/opt/spack/linux-centos7-x86_64/gcc-11.2.0/sqlite-3.36.0-k72yqgcx3dcm2hhhnhuka6xz5k32rmtr/bin
PATH: /share/tools/spack/opt/spack/linux-centos7-x86_64/gcc-11.2.0/openssl-1.1.1l-hm3cktxl3rmtmfpda26wburskcyvyigv/bin
PATH: /share/tools/spack/opt/spack/linux-centos7-x86_64/gcc-11.2.0/expat-2.4.1-zdy7wjeqroit5kbdt6uryw7bxhiafa7m/bin
PATH: /share/tools/spack/opt/spack/linux-centos7-x86_64/gcc-11.2.0/perl-5.34.0-ct6gytnnhhifddxutrep3qqwwxxqvcrs/bin
PATH: /share/tools/spack/opt/spack/linux-centos7-x86_64/gcc-11.2.0/gdbm-1.19-wliycstqj3uf62hgazmammcrdl5xnpuj/bin
PATH: /share/tools/spack/opt/spack/linux-centos7-x86_64/gcc-11.2.0/readline-8.1-if5dguejxj3ekzleegxdg2zms5rte675/bin
PATH: /share/tools/spack/opt/spack/linux-centos7-x86_64/gcc-11.2.0/berkeley-db-18.1.40-pdictdxnupcujc3dmfibzlcphjdpghd6/bin
PATH: /share/tools/spack/opt/spack/linux-centos7-x86_64/gcc-11.2.0/pcre-8.44-r6p6zqc3xudvhedjinwnv3ipxyinxznp/bin
PATH: /share/tools/spack/opt/spack/linux-centos7-x86_64/gcc-11.2.0/gettext-0.21-tg2p2gnpar7bqgmrky6popz5444tdlqu/bin
PATH: /share/tools/spack/opt/spack/linux-centos7-x86_64/gcc-11.2.0/tar-1.34-ejodrxf25giiqbsm5ijx6qy7bpqxoj3a/bin
PATH: /share/tools/spack/opt/spack/linux-centos7-x86_64/gcc-11.2.0/ncurses-6.2-uuuyk3axdaatyt4s2qbshwcnihqm3hie/bin
PATH: /share/tools/spack/opt/spack/linux-centos7-x86_64/gcc-11.2.0/fontconfig-2.13.93-a6g4qjo2k3latcvjespwtxoococaz67g/bin
PATH: /share/tools/spack/opt/spack/linux-centos7-x86_64/gcc-11.2.0/util-linux-uuid-2.36.2-ycr5iexz7njueqmrmrfgqb5flsrghvsh/bin
PATH: /share/tools/spack/opt/spack/linux-centos7-x86_64/gcc-11.2.0/libxml2-2.9.12-ujjnfcv264tyjtsoheexfmuyfkuyoxge/bin
PATH: /share/tools/spack/opt/spack/linux-centos7-x86_64/gcc-11.2.0/xz-5.2.5-j2poytgs2zhfutpi2ozpjjrfz2aoam2c/bin
PATH: /share/tools/spack/opt/spack/linux-centos7-x86_64/gcc-11.2.0/libiconv-1.16-lqfelqya3lk2ckzouc4ng3mn2dzgsi2n/bin
PATH: /share/tools/spack/opt/spack/linux-centos7-x86_64/gcc-11.2.0/freetype-2.11.0-6sjyxdsr4m25ajbtipjshk44gqqst43f/bin
PATH: /share/tools/spack/opt/spack/linux-centos7-x86_64/gcc-11.2.0/libpng-1.6.37-4iaywkucro5g2drmtq34i5kkeoofbhvi/bin
PATH: /share/tools/spack/opt/spack/linux-centos7-x86_64/gcc-11.2.0/font-util-1.3.2-kwi2c7kepafxfvswfzlnsirz5ti46rl3/bin
PATH: /share/tools/spack/opt/spack/linux-centos7-x86_64/gcc-11.2.0/bzip2-1.0.8-nl2fbyqa3qdewunvxq56mdcsb7addarg/bin
PATH: /usr/local/RepeatMasker
PATH: /usr/local/FastQC
PATH: /home/lwhitmo/.vscode-server/bin/2ccd690cbff1569e4a83d7c43d45101f817401dc/bin/remote-cli
PATH: /share/lwhitmo/pythonvenvs/py3venv/bin
PATH: /share/tools/spack/opt/spack/linux-centos7-x86_64/gcc-11.2.0/libpng-1.6.37-4iaywkucro5g2drmtq34i5kkeoofbhvi/bin
PATH: /share/tools/spack/opt/spack/linux-centos7-x86_64/gcc-11.2.0/poppler-21.09.0-ggaabtpmmhi2wa6ar2i77qidwsc7qkow/bin
PATH: /share/tools/spack/opt/spack/linux-centos7-x86_64/gcc-11.2.0/fontconfig-2.13.93-a6g4qjo2k3latcvjespwtxoococaz67g/bin
PATH: /share/tools/spack/opt/spack/linux-centos7-x86_64/gcc-11.2.0/util-linux-uuid-2.36.2-ycr5iexz7njueqmrmrfgqb5flsrghvsh/bin
PATH: /share/tools/spack/opt/spack/linux-centos7-x86_64/gcc-11.2.0/libxml2-2.9.12-ujjnfcv264tyjtsoheexfmuyfkuyoxge/bin
PATH: /share/tools/spack/opt/spack/linux-centos7-x86_64/gcc-11.2.0/xz-5.2.5-j2poytgs2zhfutpi2ozpjjrfz2aoam2c/bin
PATH: /share/tools/spack/opt/spack/linux-centos7-x86_64/gcc-11.2.0/libiconv-1.16-lqfelqya3lk2ckzouc4ng3mn2dzgsi2n/bin
PATH: /share/tools/spack/opt/spack/linux-centos7-x86_64/gcc-11.2.0/freetype-2.11.0-6sjyxdsr4m25ajbtipjshk44gqqst43f/bin
PATH: /share/tools/spack/opt/spack/linux-centos7-x86_64/gcc-11.2.0/libpng-1.6.37-4iaywkucro5g2drmtq34i5kkeoofbhvi/bin
PATH: /share/tools/spack/opt/spack/linux-centos7-x86_64/gcc-11.2.0/bzip2-1.0.8-nl2fbyqa3qdewunvxq56mdcsb7addarg/bin
PATH: /share/tools/spack/opt/spack/linux-centos7-x86_64/gcc-11.2.0/font-util-1.3.2-kwi2c7kepafxfvswfzlnsirz5ti46rl3/bin
PATH: /share/tools/spack/opt/spack/linux-centos7-x86_64/gcc-11.2.0/imagemagick-7.0.8-7-6pvw7qisnma5tm7psg73tlvfcsg4wth7/bin
PATH: /share/tools/spack/opt/spack/linux-centos7-x86_64/gcc-11.2.0/libtool-2.4.6-wuzsphjrcrxy2m7novqfpv4cihnlar3s/bin
PATH: /share/tools/spack/opt/spack/linux-centos7-x86_64/gcc-11.2.0/ghostscript-9.54.0-7e7yhu73ejsx63i2atq4ajd3ljsvjggp/bin
PATH: /share/tools/spack/opt/spack/linux-centos7-x86_64/gcc-11.2.0/lcms-2.9-2wwhcsftca3cpppxmbkgqcrmmcecml7e/bin
PATH: /share/tools/spack/opt/spack/linux-centos7-x86_64/gcc-11.2.0/krb5-1.19.2-p7zqribzwuz6flz3xurf7etfjp67h5x6/bin
PATH: /share/tools/spack/opt/spack/linux-centos7-x86_64/gcc-11.2.0/gtkplus-3.24.29-g5ei3xxtfr2saheelcpstlwdxwp3lvjp/bin
PATH: /share/tools/spack/opt/spack/linux-centos7-x86_64/gcc-11.2.0/librsvg-2.51.0-hni44pxsbfyhtim3eyurevaggyhzofu7/bin
PATH: /share/tools/spack/opt/spack/linux-centos7-x86_64/gcc-11.2.0/pango-1.42.0-l5rqax7lfecdowmtjsyr44o7cryfzpjf/bin
PATH: /share/tools/spack/opt/spack/linux-centos7-x86_64/gcc-11.2.0/harfbuzz-2.6.8-5tq3cjlm4y475o5teis5ej3ot5gb3rza/bin
PATH: /share/tools/spack/opt/spack/linux-centos7-x86_64/gcc-11.2.0/icu4c-67.1-wb46jzswifguptcbtdh6zt6gnvl3ocq2/bin
PATH: /share/tools/spack/opt/spack/linux-centos7-x86_64/gcc-11.2.0/graphite2-1.3.13-wyi57vhsbpzpz52wfcox3enltx2raz4v/bin
PATH: /share/tools/spack/opt/spack/linux-centos7-x86_64/gcc-11.2.0/libcroco-0.6.13-svef3srjbixwmd6ke2egwcdklhttows6/bin
PATH: /share/tools/spack/opt/spack/linux-centos7-x86_64/gcc-11.2.0/xrandr-1.5.0-kqaxefbc3zgwjc4q2alr4exuy7xpzb6i/bin
PATH: /share/tools/spack/opt/spack/linux-centos7-x86_64/gcc-11.2.0/llvm-12.0.1-ciifgdqg5kejnyejarkkag2shhiq5fxf/bin
PATH: /share/tools/spack/opt/spack/linux-centos7-x86_64/gcc-11.2.0/z3-4.8.9-5nsektgtar43g6qpwi3ywilp4ctpxzkq/bin
PATH: /share/tools/spack/opt/spack/linux-centos7-x86_64/gcc-11.2.0/swig-4.0.2-yyhes46cfirqq4ywfvoh4tcnh5xn5wsj/bin
PATH: /share/tools/spack/opt/spack/linux-centos7-x86_64/gcc-11.2.0/hwloc-2.6.0-fipitgim6eatgmqncla7lvicnxil3njd/bin
PATH: /share/tools/spack/opt/spack/linux-centos7-x86_64/gcc-11.2.0/binutils-2.37-brns2weyqyfmkeuzqg7224p2xrc2p2yr/bin
PATH: /share/tools/spack/opt/spack/linux-centos7-x86_64/gcc-11.2.0/gdk-pixbuf-2.38.2-v32ayzt6inz6rxiqdzttwzjqxvduey7i/bin
PATH: /share/tools/spack/opt/spack/linux-centos7-x86_64/gcc-11.2.0/shared-mime-info-1.9-opmkhynlaqztno3b4y5yfy6y7cesmpkr/bin
PATH: /share/tools/spack/opt/spack/linux-centos7-x86_64/gcc-11.2.0/libtiff-4.3.0-ndjitmdwthiqvtczz7zafp633tmjib3q/bin
PATH: /share/tools/spack/opt/spack/linux-centos7-x86_64/gcc-11.2.0/libjpeg-turbo-2.1.0-vjehcm3rzlcisactcjc2x5lpabyhaigx/bin
PATH: /share/tools/spack/opt/spack/linux-centos7-x86_64/gcc-11.2.0/fribidi-1.0.5-sn4rzmgzr75amzqzyy4ywavcom67t7al/bin
PATH: /share/tools/spack/opt/spack/linux-centos7-x86_64/gcc-11.2.0/gobject-introspection-1.56.1-4jczkhe5257t7muxndjumwpxcdchsm63/bin
PATH: /share/tools/spack/opt/spack/linux-centos7-x86_64/gcc-11.2.0/cairo-1.16.0-j3yymf6hs7xrwhlkf2ed4fxe2h26regt/bin
PATH: /share/tools/spack/opt/spack/linux-centos7-x86_64/gcc-11.2.0/dbus-1.12.8-fmutkzydodfq2piauwgvzvkachhtcjf3/bin
PATH: /share/tools/spack/opt/spack/linux-centos7-x86_64/gcc-11.2.0/glib-2.70.0-d4bighje3kongj3gmlywq732buj7ntsr/bin
PATH: /share/tools/spack/opt/spack/linux-centos7-x86_64/gcc-11.2.0/python-3.8.12-syubbms3fol3uov7i475kto3tzbpqlbp/bin
PATH: /share/tools/spack/opt/spack/linux-centos7-x86_64/gcc-11.2.0/sqlite-3.36.0-k72yqgcx3dcm2hhhnhuka6xz5k32rmtr/bin
PATH: /share/tools/spack/opt/spack/linux-centos7-x86_64/gcc-11.2.0/openssl-1.1.1l-hm3cktxl3rmtmfpda26wburskcyvyigv/bin
PATH: /share/tools/spack/opt/spack/linux-centos7-x86_64/gcc-11.2.0/perl-5.34.0-ct6gytnnhhifddxutrep3qqwwxxqvcrs/bin
PATH: /share/tools/spack/opt/spack/linux-centos7-x86_64/gcc-11.2.0/gdbm-1.19-wliycstqj3uf62hgazmammcrdl5xnpuj/bin
PATH: /share/tools/spack/opt/spack/linux-centos7-x86_64/gcc-11.2.0/readline-8.1-if5dguejxj3ekzleegxdg2zms5rte675/bin
PATH: /share/tools/spack/opt/spack/linux-centos7-x86_64/gcc-11.2.0/berkeley-db-18.1.40-pdictdxnupcujc3dmfibzlcphjdpghd6/bin
PATH: /share/tools/spack/opt/spack/linux-centos7-x86_64/gcc-11.2.0/pcre-8.44-r6p6zqc3xudvhedjinwnv3ipxyinxznp/bin
PATH: /share/tools/spack/opt/spack/linux-centos7-x86_64/gcc-11.2.0/gettext-0.21-tg2p2gnpar7bqgmrky6popz5444tdlqu/bin
PATH: /share/tools/spack/opt/spack/linux-centos7-x86_64/gcc-11.2.0/tar-1.34-ejodrxf25giiqbsm5ijx6qy7bpqxoj3a/bin
PATH: /share/tools/spack/opt/spack/linux-centos7-x86_64/gcc-11.2.0/ncurses-6.2-uuuyk3axdaatyt4s2qbshwcnihqm3hie/bin
PATH: /share/tools/spack/opt/spack/linux-centos7-x86_64/gcc-11.2.0/expat-2.4.1-zdy7wjeqroit5kbdt6uryw7bxhiafa7m/bin
PATH: /share/tools/spack/opt/spack/linux-centos7-x86_64/gcc-11.2.0/fontconfig-2.13.93-a6g4qjo2k3latcvjespwtxoococaz67g/bin
PATH: /share/tools/spack/opt/spack/linux-centos7-x86_64/gcc-11.2.0/util-linux-uuid-2.36.2-ycr5iexz7njueqmrmrfgqb5flsrghvsh/bin
PATH: /share/tools/spack/opt/spack/linux-centos7-x86_64/gcc-11.2.0/libxml2-2.9.12-ujjnfcv264tyjtsoheexfmuyfkuyoxge/bin
PATH: /share/tools/spack/opt/spack/linux-centos7-x86_64/gcc-11.2.0/xz-5.2.5-j2poytgs2zhfutpi2ozpjjrfz2aoam2c/bin
PATH: /share/tools/spack/opt/spack/linux-centos7-x86_64/gcc-11.2.0/libiconv-1.16-lqfelqya3lk2ckzouc4ng3mn2dzgsi2n/bin
PATH: /share/tools/spack/opt/spack/linux-centos7-x86_64/gcc-11.2.0/freetype-2.11.0-6sjyxdsr4m25ajbtipjshk44gqqst43f/bin
PATH: /share/tools/spack/opt/spack/linux-centos7-x86_64/gcc-11.2.0/libpng-1.6.37-4iaywkucro5g2drmtq34i5kkeoofbhvi/bin
PATH: /share/tools/spack/opt/spack/linux-centos7-x86_64/gcc-11.2.0/bzip2-1.0.8-nl2fbyqa3qdewunvxq56mdcsb7addarg/bin
PATH: /share/tools/spack/opt/spack/linux-centos7-x86_64/gcc-11.2.0/font-util-1.3.2-kwi2c7kepafxfvswfzlnsirz5ti46rl3/bin
PATH: /share/tools/spack/opt/spack/linux-centos7-x86_64/gcc-11.2.0/r-4.1.1-hkfbk65mpcuc23w5k3vwuzcjcwihyfxg/bin
PATH: /share/tools/spack/opt/spack/linux-centos7-x86_64/gcc-11.2.0/tk-8.6.11-66i4wxa2dxlw7oaqbu6vehopxteyabki/bin
PATH: /share/tools/spack/opt/spack/linux-centos7-x86_64/gcc-11.2.0/tcl-8.6.11-xo2ericbkvqdqeb6fax6bx7qhijsye7g/bin
PATH: /share/tools/spack/opt/spack/linux-centos7-x86_64/gcc-11.2.0/pango-1.42.0-l5rqax7lfecdowmtjsyr44o7cryfzpjf/bin
PATH: /share/tools/spack/opt/spack/linux-centos7-x86_64/gcc-11.2.0/gobject-introspection-1.56.1-4jczkhe5257t7muxndjumwpxcdchsm63/bin
PATH: /share/tools/spack/opt/spack/linux-centos7-x86_64/gcc-11.2.0/fribidi-1.0.5-sn4rzmgzr75amzqzyy4ywavcom67t7al/bin
PATH: /share/tools/spack/opt/spack/linux-centos7-x86_64/gcc-11.2.0/libtiff-4.3.0-ndjitmdwthiqvtczz7zafp633tmjib3q/bin
PATH: /share/tools/spack/opt/spack/linux-centos7-x86_64/gcc-11.2.0/libjpeg-turbo-2.1.0-vjehcm3rzlcisactcjc2x5lpabyhaigx/bin
PATH: /share/tools/spack/opt/spack/linux-centos7-x86_64/gcc-11.2.0/harfbuzz-2.6.8-5tq3cjlm4y475o5teis5ej3ot5gb3rza/bin
PATH: /share/tools/spack/opt/spack/linux-centos7-x86_64/gcc-11.2.0/graphite2-1.3.13-wyi57vhsbpzpz52wfcox3enltx2raz4v/bin
PATH: /share/tools/spack/opt/spack/linux-centos7-x86_64/gcc-11.2.0/curl-7.79.0-2dcqx7v4xpddb3237gn72zv2aqxalgrh/bin
PATH: /share/tools/spack/opt/spack/linux-centos7-x86_64/gcc-11.2.0/cairo-1.16.0-j3yymf6hs7xrwhlkf2ed4fxe2h26regt/bin
PATH: /share/tools/spack/opt/spack/linux-centos7-x86_64/gcc-11.2.0/glib-2.70.0-d4bighje3kongj3gmlywq732buj7ntsr/bin
PATH: /share/tools/spack/opt/spack/linux-centos7-x86_64/gcc-11.2.0/python-3.8.12-syubbms3fol3uov7i475kto3tzbpqlbp/bin
PATH: /share/tools/spack/opt/spack/linux-centos7-x86_64/gcc-11.2.0/sqlite-3.36.0-k72yqgcx3dcm2hhhnhuka6xz5k32rmtr/bin
PATH: /share/tools/spack/opt/spack/linux-centos7-x86_64/gcc-11.2.0/openssl-1.1.1l-hm3cktxl3rmtmfpda26wburskcyvyigv/bin
PATH: /share/tools/spack/opt/spack/linux-centos7-x86_64/gcc-11.2.0/expat-2.4.1-zdy7wjeqroit5kbdt6uryw7bxhiafa7m/bin
PATH: /share/tools/spack/opt/spack/linux-centos7-x86_64/gcc-11.2.0/perl-5.34.0-ct6gytnnhhifddxutrep3qqwwxxqvcrs/bin
PATH: /share/tools/spack/opt/spack/linux-centos7-x86_64/gcc-11.2.0/gdbm-1.19-wliycstqj3uf62hgazmammcrdl5xnpuj/bin
PATH: /share/tools/spack/opt/spack/linux-centos7-x86_64/gcc-11.2.0/readline-8.1-if5dguejxj3ekzleegxdg2zms5rte675/bin
PATH: /share/tools/spack/opt/spack/linux-centos7-x86_64/gcc-11.2.0/berkeley-db-18.1.40-pdictdxnupcujc3dmfibzlcphjdpghd6/bin
PATH: /share/tools/spack/opt/spack/linux-centos7-x86_64/gcc-11.2.0/pcre-8.44-r6p6zqc3xudvhedjinwnv3ipxyinxznp/bin
PATH: /share/tools/spack/opt/spack/linux-centos7-x86_64/gcc-11.2.0/gettext-0.21-tg2p2gnpar7bqgmrky6popz5444tdlqu/bin
PATH: /share/tools/spack/opt/spack/linux-centos7-x86_64/gcc-11.2.0/tar-1.34-ejodrxf25giiqbsm5ijx6qy7bpqxoj3a/bin
PATH: /share/tools/spack/opt/spack/linux-centos7-x86_64/gcc-11.2.0/ncurses-6.2-uuuyk3axdaatyt4s2qbshwcnihqm3hie/bin
PATH: /share/tools/spack/opt/spack/linux-centos7-x86_64/gcc-11.2.0/fontconfig-2.13.93-a6g4qjo2k3latcvjespwtxoococaz67g/bin
PATH: /share/tools/spack/opt/spack/linux-centos7-x86_64/gcc-11.2.0/util-linux-uuid-2.36.2-ycr5iexz7njueqmrmrfgqb5flsrghvsh/bin
PATH: /share/tools/spack/opt/spack/linux-centos7-x86_64/gcc-11.2.0/libxml2-2.9.12-ujjnfcv264tyjtsoheexfmuyfkuyoxge/bin
PATH: /share/tools/spack/opt/spack/linux-centos7-x86_64/gcc-11.2.0/xz-5.2.5-j2poytgs2zhfutpi2ozpjjrfz2aoam2c/bin
PATH: /share/tools/spack/opt/spack/linux-centos7-x86_64/gcc-11.2.0/freetype-2.11.0-6sjyxdsr4m25ajbtipjshk44gqqst43f/bin
PATH: /share/tools/spack/opt/spack/linux-centos7-x86_64/gcc-11.2.0/libpng-1.6.37-4iaywkucro5g2drmtq34i5kkeoofbhvi/bin
PATH: /share/tools/spack/opt/spack/linux-centos7-x86_64/gcc-11.2.0/font-util-1.3.2-kwi2c7kepafxfvswfzlnsirz5ti46rl3/bin
PATH: /share/tools/spack/opt/spack/linux-centos7-x86_64/gcc-11.2.0/pcre2-10.36-yxukzhlq35ic5trg53fsobpwqxg7fn72/bin
PATH: /share/tools/spack/opt/spack/linux-centos7-x86_64/gcc-11.2.0/openjdk-11.0.12_7-brzdaun2vayf34kgyukistagibouzv2z/bin
PATH: /share/tools/spack/opt/spack/linux-centos7-x86_64/gcc-11.2.0/libiconv-1.16-lqfelqya3lk2ckzouc4ng3mn2dzgsi2n/bin
PATH: /share/tools/spack/opt/spack/linux-centos7-x86_64/gcc-11.2.0/icu4c-67.1-wb46jzswifguptcbtdh6zt6gnvl3ocq2/bin
PATH: /share/tools/spack/opt/spack/linux-centos7-x86_64/gcc-11.2.0/bzip2-1.0.8-nl2fbyqa3qdewunvxq56mdcsb7addarg/bin
PATH: /share/tools/spack/opt/spack/linux-centos7-x86_64/gcc-11.2.0/hdf5-1.12.0-5zh36mulz2vg7klclnox2oxg3qeg5q77/bin
PATH: /share/tools/spack/opt/spack/linux-centos7-x86_64/gcc-11.2.0/pkgconf-1.8.0-xezlcpkvdfhc3ek5772k5d4gfqqz3lno/bin
PATH: /share/tools/spack/opt/spack/linux-centos7-x86_64/gcc-11.2.0/openmpi-4.1.1-bztc7hklagku2npqb4hzf2q3szhxojxe/bin
PATH: /share/tools/spack/opt/spack/linux-centos7-x86_64/gcc-11.2.0/openssh-8.7p1-bdcprkpvszc2wj32rgsiyde52ofwylge/bin
PATH: /share/tools/spack/opt/spack/linux-centos7-x86_64/gcc-11.2.0/numactl-2.0.14-mqmopjvgpbho7oz3gfmscu4m7u222bmt/bin
PATH: /share/tools/spack/opt/spack/linux-centos7-x86_64/gcc-11.2.0/libevent-2.1.12-7okg4vyq77zclbspioeemcayygk27ajg/bin
PATH: /share/tools/spack/opt/spack/linux-centos7-x86_64/gcc-11.2.0/openssl-1.1.1l-hm3cktxl3rmtmfpda26wburskcyvyigv/bin
PATH: /share/tools/spack/opt/spack/linux-centos7-x86_64/gcc-11.2.0/hwloc-2.6.0-fipitgim6eatgmqncla7lvicnxil3njd/bin
PATH: /share/tools/spack/opt/spack/linux-centos7-x86_64/gcc-11.2.0/ncurses-6.2-uuuyk3axdaatyt4s2qbshwcnihqm3hie/bin
PATH: /share/tools/spack/opt/spack/linux-centos7-x86_64/gcc-11.2.0/libxml2-2.9.12-ujjnfcv264tyjtsoheexfmuyfkuyoxge/bin
PATH: /share/tools/spack/opt/spack/linux-centos7-x86_64/gcc-11.2.0/xz-5.2.5-j2poytgs2zhfutpi2ozpjjrfz2aoam2c/bin
PATH: /share/tools/spack/opt/spack/linux-centos7-x86_64/gcc-11.2.0/libiconv-1.16-lqfelqya3lk2ckzouc4ng3mn2dzgsi2n/bin
PATH: /share/tools/spack/opt/spack/linux-centos7-x86_64/gcc-11.2.0/udunits-2.2.28-hpimq3u7zsehjywcasvl3sovv7oqp6fi/bin
PATH: /share/tools/spack/opt/spack/linux-centos7-x86_64/gcc-11.2.0/expat-2.4.1-zdy7wjeqroit5kbdt6uryw7bxhiafa7m/bin
PATH: /share/tools/spack/opt/spack/linux-centos7-x86_64/gcc-11.2.0/gdal-3.3.2-iazre4s4nkasemrfkliuegemhwcf6pgc/bin
PATH: /share/tools/spack/opt/spack/linux-centos7-x86_64/gcc-11.2.0/xz-5.2.5-j2poytgs2zhfutpi2ozpjjrfz2aoam2c/bin
PATH: /share/tools/spack/opt/spack/linux-centos7-x86_64/gcc-11.2.0/libgeotiff-1.6.0-7ihyx2ycdz6tlzo2w7awa6cdfr27l2ua/bin
PATH: /share/tools/spack/opt/spack/linux-centos7-x86_64/gcc-11.2.0/proj-8.1.0-aaho5g2tkyhkvjp4rmyqz75laj3jrgeo/bin
PATH: /share/tools/spack/opt/spack/linux-centos7-x86_64/gcc-11.2.0/sqlite-3.36.0-k72yqgcx3dcm2hhhnhuka6xz5k32rmtr/bin
PATH: /share/tools/spack/opt/spack/linux-centos7-x86_64/gcc-11.2.0/readline-8.1-if5dguejxj3ekzleegxdg2zms5rte675/bin
PATH: /share/tools/spack/opt/spack/linux-centos7-x86_64/gcc-11.2.0/ncurses-6.2-uuuyk3axdaatyt4s2qbshwcnihqm3hie/bin
PATH: /share/tools/spack/opt/spack/linux-centos7-x86_64/gcc-11.2.0/curl-7.79.0-2dcqx7v4xpddb3237gn72zv2aqxalgrh/bin
PATH: /share/tools/spack/opt/spack/linux-centos7-x86_64/gcc-11.2.0/openssl-1.1.1l-hm3cktxl3rmtmfpda26wburskcyvyigv/bin
PATH: /share/tools/spack/opt/spack/linux-centos7-x86_64/gcc-11.2.0/libtiff-4.3.0-ndjitmdwthiqvtczz7zafp633tmjib3q/bin
PATH: /share/tools/spack/opt/spack/linux-centos7-x86_64/gcc-11.2.0/libjpeg-turbo-2.1.0-vjehcm3rzlcisactcjc2x5lpabyhaigx/bin
PATH: /share/tools/spack/opt/spack/linux-centos7-x86_64/gcc-11.2.0/geos-3.9.1-inmgjuiuua66j2gwyuxphj3435sc3wti/bin
PATH: /share/tools/spack/opt/spack/linux-centos7-x86_64/gcc-11.2.0/gcc-11.2.0-on46wy3kn4bqwb3iofoejtjklcuql7di/bin
PATH: /share/tools/spack/opt/spack/linux-centos7-x86_64/gcc-11.2.0/binutils-2.37-pkscmka2au3bqc5o45wsr2bohniuxpop/bin
PATH: /share/tools/spack/opt/spack/linux-centos7-x86_64/gcc-11.2.0/gettext-0.21-tg2p2gnpar7bqgmrky6popz5444tdlqu/bin
PATH: /share/tools/spack/opt/spack/linux-centos7-x86_64/gcc-11.2.0/tar-1.34-ejodrxf25giiqbsm5ijx6qy7bpqxoj3a/bin
PATH: /share/tools/spack/opt/spack/linux-centos7-x86_64/gcc-11.2.0/ncurses-6.2-uuuyk3axdaatyt4s2qbshwcnihqm3hie/bin
PATH: /share/tools/spack/opt/spack/linux-centos7-x86_64/gcc-11.2.0/libxml2-2.9.12-ujjnfcv264tyjtsoheexfmuyfkuyoxge/bin
PATH: /share/tools/spack/opt/spack/linux-centos7-x86_64/gcc-11.2.0/xz-5.2.5-j2poytgs2zhfutpi2ozpjjrfz2aoam2c/bin
PATH: /share/tools/spack/opt/spack/linux-centos7-x86_64/gcc-11.2.0/libiconv-1.16-lqfelqya3lk2ckzouc4ng3mn2dzgsi2n/bin
PATH: /share/tools/spack/opt/spack/linux-centos7-x86_64/gcc-11.2.0/bzip2-1.0.8-nl2fbyqa3qdewunvxq56mdcsb7addarg/bin
PATH: /share/tools/spack/opt/spack/linux-centos7-x86_64/gcc-11.2.0/r-4.1.1-hkfbk65mpcuc23w5k3vwuzcjcwihyfxg/bin
PATH: /share/tools/spack/opt/spack/linux-centos7-x86_64/gcc-11.2.0/tk-8.6.11-66i4wxa2dxlw7oaqbu6vehopxteyabki/bin
PATH: /share/tools/spack/opt/spack/linux-centos7-x86_64/gcc-11.2.0/tcl-8.6.11-xo2ericbkvqdqeb6fax6bx7qhijsye7g/bin
PATH: /share/tools/spack/opt/spack/linux-centos7-x86_64/gcc-11.2.0/pcre2-10.36-yxukzhlq35ic5trg53fsobpwqxg7fn72/bin
PATH: /share/tools/spack/opt/spack/linux-centos7-x86_64/gcc-11.2.0/pango-1.42.0-l5rqax7lfecdowmtjsyr44o7cryfzpjf/bin
PATH: /share/tools/spack/opt/spack/linux-centos7-x86_64/gcc-11.2.0/gobject-introspection-1.56.1-4jczkhe5257t7muxndjumwpxcdchsm63/bin
PATH: /share/tools/spack/opt/spack/linux-centos7-x86_64/gcc-11.2.0/fribidi-1.0.5-sn4rzmgzr75amzqzyy4ywavcom67t7al/bin
PATH: /share/tools/spack/opt/spack/linux-centos7-x86_64/gcc-11.2.0/openjdk-11.0.12_7-brzdaun2vayf34kgyukistagibouzv2z/bin
PATH: /share/tools/spack/opt/spack/linux-centos7-x86_64/gcc-11.2.0/libtiff-4.3.0-ndjitmdwthiqvtczz7zafp633tmjib3q/bin
PATH: /share/tools/spack/opt/spack/linux-centos7-x86_64/gcc-11.2.0/libjpeg-turbo-2.1.0-vjehcm3rzlcisactcjc2x5lpabyhaigx/bin
PATH: /share/tools/spack/opt/spack/linux-centos7-x86_64/gcc-11.2.0/harfbuzz-2.6.8-5tq3cjlm4y475o5teis5ej3ot5gb3rza/bin
PATH: /share/tools/spack/opt/spack/linux-centos7-x86_64/gcc-11.2.0/icu4c-67.1-wb46jzswifguptcbtdh6zt6gnvl3ocq2/bin
PATH: /share/tools/spack/opt/spack/linux-centos7-x86_64/gcc-11.2.0/graphite2-1.3.13-wyi57vhsbpzpz52wfcox3enltx2raz4v/bin
PATH: /share/tools/spack/opt/spack/linux-centos7-x86_64/gcc-11.2.0/curl-7.79.0-2dcqx7v4xpddb3237gn72zv2aqxalgrh/bin
PATH: /share/tools/spack/opt/spack/linux-centos7-x86_64/gcc-11.2.0/cairo-1.16.0-j3yymf6hs7xrwhlkf2ed4fxe2h26regt/bin
PATH: /share/tools/spack/opt/spack/linux-centos7-x86_64/gcc-11.2.0/glib-2.70.0-d4bighje3kongj3gmlywq732buj7ntsr/bin
PATH: /share/tools/spack/opt/spack/linux-centos7-x86_64/gcc-11.2.0/python-3.8.12-syubbms3fol3uov7i475kto3tzbpqlbp/bin
PATH: /share/tools/spack/opt/spack/linux-centos7-x86_64/gcc-11.2.0/sqlite-3.36.0-k72yqgcx3dcm2hhhnhuka6xz5k32rmtr/bin
PATH: /share/tools/spack/opt/spack/linux-centos7-x86_64/gcc-11.2.0/openssl-1.1.1l-hm3cktxl3rmtmfpda26wburskcyvyigv/bin
PATH: /share/tools/spack/opt/spack/linux-centos7-x86_64/gcc-11.2.0/expat-2.4.1-zdy7wjeqroit5kbdt6uryw7bxhiafa7m/bin
PATH: /share/tools/spack/opt/spack/linux-centos7-x86_64/gcc-11.2.0/perl-5.34.0-ct6gytnnhhifddxutrep3qqwwxxqvcrs/bin
PATH: /share/tools/spack/opt/spack/linux-centos7-x86_64/gcc-11.2.0/gdbm-1.19-wliycstqj3uf62hgazmammcrdl5xnpuj/bin
PATH: /share/tools/spack/opt/spack/linux-centos7-x86_64/gcc-11.2.0/readline-8.1-if5dguejxj3ekzleegxdg2zms5rte675/bin
PATH: /share/tools/spack/opt/spack/linux-centos7-x86_64/gcc-11.2.0/berkeley-db-18.1.40-pdictdxnupcujc3dmfibzlcphjdpghd6/bin
PATH: /share/tools/spack/opt/spack/linux-centos7-x86_64/gcc-11.2.0/pcre-8.44-r6p6zqc3xudvhedjinwnv3ipxyinxznp/bin
PATH: /share/tools/spack/opt/spack/linux-centos7-x86_64/gcc-11.2.0/gettext-0.21-tg2p2gnpar7bqgmrky6popz5444tdlqu/bin
PATH: /share/tools/spack/opt/spack/linux-centos7-x86_64/gcc-11.2.0/tar-1.34-ejodrxf25giiqbsm5ijx6qy7bpqxoj3a/bin
PATH: /share/tools/spack/opt/spack/linux-centos7-x86_64/gcc-11.2.0/ncurses-6.2-uuuyk3axdaatyt4s2qbshwcnihqm3hie/bin
PATH: /share/tools/spack/opt/spack/linux-centos7-x86_64/gcc-11.2.0/fontconfig-2.13.93-a6g4qjo2k3latcvjespwtxoococaz67g/bin
PATH: /share/tools/spack/opt/spack/linux-centos7-x86_64/gcc-11.2.0/util-linux-uuid-2.36.2-ycr5iexz7njueqmrmrfgqb5flsrghvsh/bin
PATH: /share/tools/spack/opt/spack/linux-centos7-x86_64/gcc-11.2.0/libxml2-2.9.12-ujjnfcv264tyjtsoheexfmuyfkuyoxge/bin
PATH: /share/tools/spack/opt/spack/linux-centos7-x86_64/gcc-11.2.0/xz-5.2.5-j2poytgs2zhfutpi2ozpjjrfz2aoam2c/bin
PATH: /share/tools/spack/opt/spack/linux-centos7-x86_64/gcc-11.2.0/libiconv-1.16-lqfelqya3lk2ckzouc4ng3mn2dzgsi2n/bin
PATH: /share/tools/spack/opt/spack/linux-centos7-x86_64/gcc-11.2.0/freetype-2.11.0-6sjyxdsr4m25ajbtipjshk44gqqst43f/bin
PATH: /share/tools/spack/opt/spack/linux-centos7-x86_64/gcc-11.2.0/libpng-1.6.37-4iaywkucro5g2drmtq34i5kkeoofbhvi/bin
PATH: /share/tools/spack/opt/spack/linux-centos7-x86_64/gcc-11.2.0/font-util-1.3.2-kwi2c7kepafxfvswfzlnsirz5ti46rl3/bin
PATH: /share/tools/spack/opt/spack/linux-centos7-x86_64/gcc-11.2.0/bzip2-1.0.8-nl2fbyqa3qdewunvxq56mdcsb7addarg/bin
PATH: /share/tools/spack/bin
PATH: /usr/lib64/mpich/bin
PATH: /usr/local/RepeatMasker
PATH: /usr/local/FastQC
PATH: /usr/local/sbin
PATH: /usr/local/bin
PATH: /usr/sbin
PATH: /usr/bin
PATH: /opt/hdf5/latest/bin
PATH: /opt/dell/srvadmin/bin
PATH: /opt/dell/srvadmin/sbin
PATH: /root/bin
PATH: /var/GeoMxNGSPipeline
PATH: /share/lwhitmo/local/bin
PATH: /share/lwhitmo/local/bin
PATH: /share/lwhitmo/local/lib
PATH: /share/lwhitmo/local/include
PATH: /home/lwhitmo/local
PATH: /usr
PATH: /share/lwhitmo/seqsoftware/bin/
PATH: /home/lwhitmo/.local/bin
PATH: /home/lwhitmo/bin
PATH: /opt/hdf5/latest/bin
PATH: /share/lwhitmo/local/bin
PATH: /share/lwhitmo/local/bin
PATH: /share/lwhitmo/local/lib
PATH: /share/lwhitmo/local/include
PATH: /home/lwhitmo/local
PATH: /usr
PATH: /share/lwhitmo/seqsoftware/bin/


## ----------- ##
## Core tests. ##
## ----------- ##

configure:2164: checking for gawk
configure:2180: found /usr/bin/gawk
configure:2191: result: gawk
configure:2250: checking for gcc
configure:2277: result: /share/tools/spack/opt/spack/linux-centos7-x86_64/gcc-11.2.0/llvm-12.0.1-ciifgdqg5kejnyejarkkag2shhiq5fxf/bin/clang
configure:2506: checking for C compiler version
configure:2515: /share/tools/spack/opt/spack/linux-centos7-x86_64/gcc-11.2.0/llvm-12.0.1-ciifgdqg5kejnyejarkkag2shhiq5fxf/bin/clang --version >&5
clang version 12.0.1
Target: x86_64-unknown-linux-gnu
Thread model: posix
InstalledDir: /share/tools/spack/opt/spack/linux-centos7-x86_64/gcc-11.2.0/llvm-12.0.1-ciifgdqg5kejnyejarkkag2shhiq5fxf/bin
configure:2526: $? = 0
configure:2515: /share/tools/spack/opt/spack/linux-centos7-x86_64/gcc-11.2.0/llvm-12.0.1-ciifgdqg5kejnyejarkkag2shhiq5fxf/bin/clang -v >&5
clang version 12.0.1
Target: x86_64-unknown-linux-gnu
Thread model: posix
InstalledDir: /share/tools/spack/opt/spack/linux-centos7-x86_64/gcc-11.2.0/llvm-12.0.1-ciifgdqg5kejnyejarkkag2shhiq5fxf/bin
Found candidate GCC installation: /share/tools/spack/opt/spack/linux-centos7-x86_64/gcc-11.2.0/gcc-11.2.0-on46wy3kn4bqwb3iofoejtjklcuql7di/lib/gcc/x86_64-pc-linux-gnu/11.2.0
Selected GCC installation: /share/tools/spack/opt/spack/linux-centos7-x86_64/gcc-11.2.0/gcc-11.2.0-on46wy3kn4bqwb3iofoejtjklcuql7di/lib/gcc/x86_64-pc-linux-gnu/11.2.0
Candidate multilib: .;@m64
Selected multilib: .;@m64
configure:2526: $? = 0
configure:2515: /share/tools/spack/opt/spack/linux-centos7-x86_64/gcc-11.2.0/llvm-12.0.1-ciifgdqg5kejnyejarkkag2shhiq5fxf/bin/clang -V >&5
clang-12: error: argument to '-V' is missing (expected 1 value)
clang-12: error: no input files
configure:2526: $? = 1
configure:2515: /share/tools/spack/opt/spack/linux-centos7-x86_64/gcc-11.2.0/llvm-12.0.1-ciifgdqg5kejnyejarkkag2shhiq5fxf/bin/clang -qversion >&5
clang-12: error: unknown argument '-qversion'; did you mean '--version'?
clang-12: error: no input files
configure:2526: $? = 1
configure:2546: checking whether the C compiler works
configure:2568: /share/tools/spack/opt/spack/linux-centos7-x86_64/gcc-11.2.0/llvm-12.0.1-ciifgdqg5kejnyejarkkag2shhiq5fxf/bin/clang    conftest.c  >&5
configure:2572: $? = 0
configure:2620: result: yes
configure:2623: checking for C compiler default output file name
configure:2625: result: a.out
configure:2631: checking for suffix of executables
configure:2638: /share/tools/spack/opt/spack/linux-centos7-x86_64/gcc-11.2.0/llvm-12.0.1-ciifgdqg5kejnyejarkkag2shhiq5fxf/bin/clang -o conftest    conftest.c  >&5
configure:2642: $? = 0
configure:2664: result: 
configure:2686: checking whether we are cross compiling
configure:2694: /share/tools/spack/opt/spack/linux-centos7-x86_64/gcc-11.2.0/llvm-12.0.1-ciifgdqg5kejnyejarkkag2shhiq5fxf/bin/clang -o conftest    conftest.c  >&5
configure:2698: $? = 0
configure:2705: ./conftest
configure:2709: $? = 0
configure:2724: result: no
configure:2729: checking for suffix of object files
configure:2751: /share/tools/spack/opt/spack/linux-centos7-x86_64/gcc-11.2.0/llvm-12.0.1-ciifgdqg5kejnyejarkkag2shhiq5fxf/bin/clang -c   conftest.c >&5
configure:2755: $? = 0
configure:2776: result: o
configure:2780: checking whether we are using the GNU C compiler
configure:2799: /share/tools/spack/opt/spack/linux-centos7-x86_64/gcc-11.2.0/llvm-12.0.1-ciifgdqg5kejnyejarkkag2shhiq5fxf/bin/clang -c   conftest.c >&5
configure:2799: $? = 0
configure:2808: result: yes
configure:2817: checking whether /share/tools/spack/opt/spack/linux-centos7-x86_64/gcc-11.2.0/llvm-12.0.1-ciifgdqg5kejnyejarkkag2shhiq5fxf/bin/clang accepts -g
configure:2837: /share/tools/spack/opt/spack/linux-centos7-x86_64/gcc-11.2.0/llvm-12.0.1-ciifgdqg5kejnyejarkkag2shhiq5fxf/bin/clang -c -g  conftest.c >&5
configure:2837: $? = 0
configure:2878: result: yes
configure:2895: checking for /share/tools/spack/opt/spack/linux-centos7-x86_64/gcc-11.2.0/llvm-12.0.1-ciifgdqg5kejnyejarkkag2shhiq5fxf/bin/clang option to accept ISO C89
configure:2958: /share/tools/spack/opt/spack/linux-centos7-x86_64/gcc-11.2.0/llvm-12.0.1-ciifgdqg5kejnyejarkkag2shhiq5fxf/bin/clang  -c -g -O2  conftest.c >&5
configure:2958: $? = 0
configure:2971: result: none needed
configure:2992: checking for grep that handles long lines and -e
configure:3050: result: /usr/bin/grep
configure:3075: checking for C compiler warning flags
configure:3187: result: -Wall
configure:3281: checking for special C compiler options needed for large files
configure:3326: result: no
configure:3332: checking for _FILE_OFFSET_BITS value needed for large files
configure:3357: /share/tools/spack/opt/spack/linux-centos7-x86_64/gcc-11.2.0/llvm-12.0.1-ciifgdqg5kejnyejarkkag2shhiq5fxf/bin/clang -c  -Wall -g -O2  conftest.c >&5
configure:3357: $? = 0
configure:3389: result: no
configure:3524: checking location of HTSlib source tree
configure:3545: result: htslib-1.18
configure:3782: checking for NcursesW wide-character library
configure:3806: /share/tools/spack/opt/spack/linux-centos7-x86_64/gcc-11.2.0/llvm-12.0.1-ciifgdqg5kejnyejarkkag2shhiq5fxf/bin/clang -o conftest  -Wall -g -O2   conftest.c  -lncursesw >&5
configure:3806: $? = 0
configure:3815: result: yes
configure:3828: checking for working ncursesw/curses.h
configure:3861: /share/tools/spack/opt/spack/linux-centos7-x86_64/gcc-11.2.0/llvm-12.0.1-ciifgdqg5kejnyejarkkag2shhiq5fxf/bin/clang -o conftest  -Wall -g -O2   conftest.c  -lncursesw >&5
conftest.c:17:24: warning: unused variable 'a' [-Wunused-variable]
                chtype a = A_BOLD;
                       ^
conftest.c:18:21: warning: unused variable 'b' [-Wunused-variable]
                int b = KEY_LEFT;
                    ^
conftest.c:19:24: warning: unused variable 'c' [-Wunused-variable]
                chtype c = COLOR_PAIR(1) & A_COLOR;
                       ^
conftest.c:21:25: warning: unused variable 'e' [-Wunused-variable]
                cchar_t e;
                        ^
conftest.c:23:21: warning: unused variable 'g' [-Wunused-variable]
                int g = getattrs(stdscr);
                    ^
conftest.c:24:21: warning: unused variable 'h' [-Wunused-variable]
                int h = getcurx(stdscr) + getmaxx(stdscr);
                    ^
6 warnings generated.
configure:3861: $? = 0
configure:3870: result: yes
configure:4570: checking for library containing cbreak
configure:4601: /share/tools/spack/opt/spack/linux-centos7-x86_64/gcc-11.2.0/llvm-12.0.1-ciifgdqg5kejnyejarkkag2shhiq5fxf/bin/clang -o conftest  -Wall -g -O2   conftest.c  -lncursesw >&5
configure:4601: $? = 0
configure:4618: result: none required
configure:4670: checking for zlib.h
configure:4670: /share/tools/spack/opt/spack/linux-centos7-x86_64/gcc-11.2.0/llvm-12.0.1-ciifgdqg5kejnyejarkkag2shhiq5fxf/bin/clang -c  -Wall -g -O2  conftest.c >&5
configure:4670: $? = 0
configure:4670: result: yes
configure:4679: checking for inflate in -lz
configure:4704: /share/tools/spack/opt/spack/linux-centos7-x86_64/gcc-11.2.0/llvm-12.0.1-ciifgdqg5kejnyejarkkag2shhiq5fxf/bin/clang -o conftest  -Wall -g -O2   conftest.c -lz   >&5
configure:4704: $? = 0
configure:4713: result: yes
configure:4739: checking for library containing regcomp
configure:4770: /share/tools/spack/opt/spack/linux-centos7-x86_64/gcc-11.2.0/llvm-12.0.1-ciifgdqg5kejnyejarkkag2shhiq5fxf/bin/clang -o conftest  -Wall -g -O2   conftest.c  >&5
configure:4770: $? = 0
configure:4787: result: none required
configure:4929: creating ./config.status

## ---------------------- ##
## Running config.status. ##
## ---------------------- ##

This file was extended by Samtools config.status 1.18, which was
generated by GNU Autoconf 2.69.  Invocation command line was

  CONFIG_FILES    = 
  CONFIG_HEADERS  = 
  CONFIG_LINKS    = 
  CONFIG_COMMANDS = 
  $ ./config.status 

on fruitfly.galelab.uw.edu

config.status:803: creating config.mk
config.status:803: creating config.h
configure:6155: === configuring in htslib-1.18 (/share/lwhitmo/software/scViralQuant/scqv/extra_tools/samtools-1.18/htslib-1.18)
configure:6218: running /bin/sh ./configure --disable-option-checking '--prefix=/share/lwhitmo/software/scViralQuant/scqv/extra_tools/samtools-1.18'  '--enable-configure-htslib' 'CC=/share/tools/spack/opt/spack/linux-centos7-x86_64/gcc-11.2.0/llvm-12.0.1-ciifgdqg5kejnyejarkkag2shhiq5fxf/bin/clang' --cache-file=/dev/null --srcdir=.

## ---------------- ##
## Cache variables. ##
## ---------------- ##

ac_cv_c_compiler_gnu=yes
ac_cv_env_CC_set=set
ac_cv_env_CC_value=/share/tools/spack/opt/spack/linux-centos7-x86_64/gcc-11.2.0/llvm-12.0.1-ciifgdqg5kejnyejarkkag2shhiq5fxf/bin/clang
ac_cv_env_CFLAGS_set=
ac_cv_env_CFLAGS_value=
ac_cv_env_CPPFLAGS_set=
ac_cv_env_CPPFLAGS_value=
ac_cv_env_CURSES_LIB_set=
ac_cv_env_CURSES_LIB_value=
ac_cv_env_LDFLAGS_set=
ac_cv_env_LDFLAGS_value=
ac_cv_env_LIBS_set=
ac_cv_env_LIBS_value=
ac_cv_env_build_alias_set=
ac_cv_env_build_alias_value=
ac_cv_env_host_alias_set=
ac_cv_env_host_alias_value=
ac_cv_env_target_alias_set=
ac_cv_env_target_alias_value=
ac_cv_header_zlib_h=yes
ac_cv_lib_z_inflate=yes
ac_cv_objext=o
ac_cv_path_GREP=/usr/bin/grep
ac_cv_prog_AWK=gawk
ac_cv_prog_ac_ct_CC=/share/tools/spack/opt/spack/linux-centos7-x86_64/gcc-11.2.0/llvm-12.0.1-ciifgdqg5kejnyejarkkag2shhiq5fxf/bin/clang
ac_cv_prog_cc_c89=
ac_cv_prog_cc_g=yes
ac_cv_search_cbreak='none required'
ac_cv_search_regcomp='none required'
ac_cv_sys_file_offset_bits=no
ac_cv_sys_largefile_CC=no
ax_cv_curses=yes
ax_cv_curses_color=yes
ax_cv_curses_enhanced=yes
ax_cv_curses_obsolete=yes
ax_cv_curses_which=ncursesw
ax_cv_header_ncursesw_curses_h=yes
ax_cv_htslib=yes
ax_cv_htslib_which=source
ax_cv_ncursesw=yes
hts_cv_prog_cc_warnings=-Wall

## ----------------- ##
## Output variables. ##
## ----------------- ##

AWK='gawk'
CC='/share/tools/spack/opt/spack/linux-centos7-x86_64/gcc-11.2.0/llvm-12.0.1-ciifgdqg5kejnyejarkkag2shhiq5fxf/bin/clang'
CFLAGS=' -Wall -g -O2'
CPPFLAGS=''
CURSES_LIB='-lncursesw'
DEFS='-DHAVE_CONFIG_H'
ECHO_C=''
ECHO_N='-n'
ECHO_T=''
EXEEXT=''
GREP='/usr/bin/grep'
HTSDIR='htslib-1.18'
HTSLIB_CPPFLAGS='-Ihtslib-1.18'
HTSLIB_LDFLAGS='-Lhtslib-1.18'
Hinstall='#'
Hsource=''
LDFLAGS=''
LIBOBJS=''
LIBS=''
LTLIBOBJS=''
OBJEXT='o'
PACKAGE_BUGREPORT='samtools-help@lists.sourceforge.net'
PACKAGE_NAME='Samtools'
PACKAGE_STRING='Samtools 1.18'
PACKAGE_TARNAME='samtools'
PACKAGE_URL='http://www.htslib.org/'
PACKAGE_VERSION='1.18'
PATH_SEPARATOR=':'
SHELL='/bin/sh'
ac_ct_CC='/share/tools/spack/opt/spack/linux-centos7-x86_64/gcc-11.2.0/llvm-12.0.1-ciifgdqg5kejnyejarkkag2shhiq5fxf/bin/clang'
bindir='${exec_prefix}/bin'
build_alias=''
datadir='${datarootdir}'
datarootdir='${prefix}/share'
docdir='${datarootdir}/doc/${PACKAGE_TARNAME}'
dvidir='${docdir}'
exec_prefix='${prefix}'
host_alias='unknown-Linux'
htmldir='${docdir}'
includedir='${prefix}/include'
infodir='${datarootdir}/info'
libdir='${exec_prefix}/lib'
libexecdir='${exec_prefix}/libexec'
localedir='${datarootdir}/locale'
localstatedir='${prefix}/var'
mandir='${datarootdir}/man'
oldincludedir='/usr/include'
pdfdir='${docdir}'
prefix='/share/lwhitmo/software/scViralQuant/scqv/extra_tools/samtools-1.18'
program_transform_name='s,x,x,'
psdir='${docdir}'
runstatedir='${localstatedir}/run'
sbindir='${exec_prefix}/sbin'
sharedstatedir='${prefix}/com'
subdirs=' htslib-1.18'
sysconfdir='${prefix}/etc'
target_alias=''

## ----------- ##
## confdefs.h. ##
## ----------- ##

/* confdefs.h */
#define PACKAGE_NAME "Samtools"
#define PACKAGE_TARNAME "samtools"
#define PACKAGE_VERSION "1.18"
#define PACKAGE_STRING "Samtools 1.18"
#define PACKAGE_BUGREPORT "samtools-help@lists.sourceforge.net"
#define PACKAGE_URL "http://www.htslib.org/"
#define HAVE_NCURSESW_CURSES_H 1
#define HAVE_NCURSESW 1
#define HAVE_CURSES 1
#define HAVE_CURSES_ENHANCED 1
#define HAVE_CURSES_COLOR 1
#define HAVE_CURSES_OBSOLETE 1
#define HAVE_LIBZ 1

configure: exit 0
